<?xml version="1.0" encoding="UTF-8"?>
<!-- Generated by org.testng.reporters.JUnitReportReporter -->
<testsuite skipped="0" hostname="LAPTOP-LE02I758" name="com.test.mavenshot.testclasses.LoginTest" tests="1" failures="0" timestamp="26 Sep 2019 17:01:43 GMT" time="32.757" errors="0">
  <testcase name="testLogin" time="32.757" classname="com.test.mavenshot.testclasses.LoginTest"/>
</testsuite> <!-- com.test.mavenshot.testclasses.LoginTest -->
