<?xml version="1.0" encoding="UTF-8"?>
<!-- Generated by org.testng.reporters.JUnitReportReporter -->
<testsuite skipped="0" hostname="LAPTOP-LE02I758" name="com.test.mavenshot.testclasses.HomePageTest" tests="1" failures="0" timestamp="26 Sep 2019 12:09:54 GMT" time="27.787" errors="0">
  <testcase name="homePageTest" time="27.787" classname="com.test.mavenshot.testclasses.HomePageTest"/>
</testsuite> <!-- com.test.mavenshot.testclasses.HomePageTest -->
