<?xml version="1.0" encoding="UTF-8"?>
<!-- Generated by org.testng.reporters.JUnitReportReporter -->
<testsuite skipped="0" hostname="LAPTOP-LE02I758" name="com.test.mavenshot.testclasses.HomePageTest" tests="1" failures="0" timestamp="26 Sep 2019 17:01:43 GMT" time="32.605" errors="0">
  <testcase name="homePageTest" time="32.605" classname="com.test.mavenshot.testclasses.HomePageTest"/>
</testsuite> <!-- com.test.mavenshot.testclasses.HomePageTest -->
