<?xml version="1.0" encoding="UTF-8"?>
<!-- Generated by org.testng.reporters.JUnitReportReporter -->
<testsuite skipped="0" hostname="LAPTOP-LE02I758" name="com.test.mavenshot.testclasses.LoginTest" tests="1" failures="0" timestamp="26 Sep 2019 12:09:54 GMT" time="20.493" errors="0">
  <testcase name="testLogin" time="20.493" classname="com.test.mavenshot.testclasses.LoginTest"/>
</testsuite> <!-- com.test.mavenshot.testclasses.LoginTest -->
