<?xml version="1.0" encoding="UTF-8"?>
<!-- Generated by org.testng.reporters.JUnitReportReporter -->
<testsuite skipped="0" hostname="LAPTOP-LE02I758" name="com.test.mavenshot.testclasses.HomePageTest" tests="1" failures="0" timestamp="2019-09-26T22:51:31 IST" time="26.295" errors="0">
  <testcase name="homePageTest" time="26.295" classname="com.test.mavenshot.testclasses.HomePageTest"/>
</testsuite> <!-- com.test.mavenshot.testclasses.HomePageTest -->
