<?xml version="1.0" encoding="UTF-8"?>
<!-- Generated by org.testng.reporters.JUnitReportReporter -->
<testsuite skipped="0" hostname="LAPTOP-LE02I758" name="com.test.mavenshot.testclasses.HomePageTest" tests="1" failures="0" timestamp="2019-09-27T11:07:07 IST" time="29.037" errors="0">
  <testcase name="homePageTest" time="29.037" classname="com.test.mavenshot.testclasses.HomePageTest"/>
</testsuite> <!-- com.test.mavenshot.testclasses.HomePageTest -->
