<?xml version="1.0" encoding="UTF-8"?>
<!-- Generated by org.testng.reporters.JUnitReportReporter -->
<testsuite skipped="0" hostname="LAPTOP-LE02I758" name="com.test.mavenshot.testclasses.LoginTest" tests="1" failures="0" timestamp="2019-09-27T11:07:07 IST" time="27.470" errors="0">
  <testcase name="testLogin" time="27.470" classname="com.test.mavenshot.testclasses.LoginTest"/>
</testsuite> <!-- com.test.mavenshot.testclasses.LoginTest -->
